This is pdfTeX, Version 3.141592653-2.6-1.40.28 (MiKTeX 25.12) (preloaded format=pdflatex 2026.7.18)  18 JUL 2026 13:43
entering extended mode
 restricted \write18 enabled.
 %&-line parsing enabled.
**G:/wamp64/www/novaskol-laravel/LIVRE_SOUTENANCE.tex
(G:/wamp64/www/novaskol-laravel/LIVRE_SOUTENANCE.tex
LaTeX2e <2025-11-01>
L3 programming layer <2025-12-24>
(C:\Users\Kimberley\AppData\Local\Programs\MiKTeX\tex/latex/base\report.cls
Document Class: report 2025/01/22 v1.4n Standard LaTeX document class
(C:\Users\Kimberley\AppData\Local\Programs\MiKTeX\tex/latex/base\size12.clo
File: size12.clo 2025/01/22 v1.4n Standard LaTeX file (size option)
)
\c@part=\count275
\c@chapter=\count276
\c@section=\count277
\c@subsection=\count278
\c@subsubsection=\count279
\c@paragraph=\count280
\c@subparagraph=\count281
\c@figure=\count282
\c@table=\count283
\abovecaptionskip=\skip49
\belowcaptionskip=\skip50
\bibindent=\dimen148
)
(C:\Users\Kimberley\AppData\Local\Programs\MiKTeX\tex/latex/base\inputenc.sty
Package: inputenc 2024/02/08 v1.3d Input encoding file
\inpenc@prehook=\toks17
\inpenc@posthook=\toks18
)
(C:\Users\Kimberley\AppData\Local\Programs\MiKTeX\tex/latex/base\fontenc.sty
Package: fontenc 2025/07/18 v2.1d Standard LaTeX package
)
(C:\Users\Kimberley\AppData\Local\Programs\MiKTeX\tex/generic/babel\babel.sty
Package: babel 2025/12/11 v25.17 The multilingual framework for LuaLaTeX, pdfLa
TeX and XeLaTeX
\babel@savecnt=\count284
LaTeX Encoding Info:    Redeclaring text command \ij (encoding OT1) on input li
ne 2068.
LaTeX Encoding Info:    Redeclaring text command \IJ (encoding OT1) on input li
ne 2070.
LaTeX Encoding Info:    Redeclaring text command \ij (encoding T1) on input lin
e 2072.
LaTeX Encoding Info:    Redeclaring text command \IJ (encoding T1) on input lin
e 2073.
LaTeX Encoding Info:    Ignoring declaration for text command \ij (encoding ?) 
on input line 2074.
LaTeX Encoding Info:    Ignoring declaration for text command \IJ (encoding ?) 
on input line 2076.
LaTeX Encoding Info:    Ignoring declaration for text command \SS (encoding ?) 
on input line 2101.
\U@D=\dimen149
\l@unhyphenated=\language79

(C:\Users\Kimberley\AppData\Local\Programs\MiKTeX\tex/generic/babel\txtbabel.de
f)
\bbl@readstream=\read2
\bbl@dirlevel=\count285
Package babel Info: Configuration files are deprecated, as
(babel)             they can break document portability.
(babel)             Reported on input line 4196.

*************************************
* Local config file bblopts.cfg used
*
(C:\Users\Kimberley\AppData\Local\Programs\MiKTeX\tex/latex/arabi\bblopts.cfg
File: bblopts.cfg 2005/09/08 v0.1 add Arabic and Farsi to "declared" options of
 babel
)
(C:\Users\Kimberley\AppData\Local\Programs\MiKTeX\tex/generic/babel/locale/fr\b
abel-french.tex)
Package babel Info: Importing font and identification data for french
(babel)             from babel-fr.ini. Reported on input line 4320.

(C:\Users\Kimberley\AppData\Local\Programs\MiKTeX\tex/generic/babel-french\fren
ch.ldf
Language: french 2026-06-06 v4.1a French support from the babel system

(C:\Users\Kimberley\AppData\Local\Programs\MiKTeX\tex/generic/babel-french\fren
ch3.ldf
Language: french 2026-06-06 v3.7f French support from the babel system
\FB@stdchar=\count286
Package babel Info: Making : an active character on input line 266.
Package babel Info: Making ; an active character on input line 267.
Package babel Info: Making ! an active character on input line 268.
Package babel Info: Making ? an active character on input line 269.
\FBguill@level=\count287
\FBold@everypar=\toks19
\FB@Mht=\dimen150
\mc@charclass=\count288
\mc@charfam=\count289
\mc@charslot=\count290
\std@mcc=\count291
\dec@mcc=\count292
\listindentFB=\dimen151
\descindentFB=\dimen152
\labelwidthFB=\dimen153
\labelfullwidthFB=\dimen154
\FB@pardim=\dimen155
\parindentFFN=\dimen156
\FBfnindent=\dimen157
)))
(C:\Users\Kimberley\AppData\Local\Programs\MiKTeX\tex/latex/carlisle\scalefnt.s
ty)
(C:\Users\Kimberley\AppData\Local\Programs\MiKTeX\tex/latex/graphics\graphicx.s
ty
Package: graphicx 2024/12/31 v1.2e Enhanced LaTeX Graphics (DPC,SPQR)

(C:\Users\Kimberley\AppData\Local\Programs\MiKTeX\tex/latex/graphics\keyval.sty
Package: keyval 2022/05/29 v1.15 key=value parser (DPC)
\KV@toks@=\toks20
)
(C:\Users\Kimberley\AppData\Local\Programs\MiKTeX\tex/latex/graphics\graphics.s
ty
Package: graphics 2024/08/06 v1.4g Standard LaTeX Graphics (DPC,SPQR)

(C:\Users\Kimberley\AppData\Local\Programs\MiKTeX\tex/latex/graphics\trig.sty
Package: trig 2023/12/02 v1.11 sin cos tan (DPC)
)
(C:\Users\Kimberley\AppData\Local\Programs\MiKTeX\tex/latex/graphics-cfg\graphi
cs.cfg
File: graphics.cfg 2016/06/04 v1.11 sample graphics configuration
)
Package graphics Info: Driver file: pdftex.def on input line 106.

(C:\Users\Kimberley\AppData\Local\Programs\MiKTeX\tex/latex/graphics-def\pdftex
.def
File: pdftex.def 2025/09/29 v1.2d Graphics/color driver for pdftex
))
\Gin@req@height=\dimen158
\Gin@req@width=\dimen159
)
(C:\Users\Kimberley\AppData\Local\Programs\MiKTeX\tex/latex/hyperref\hyperref.s
ty
Package: hyperref 2025-07-12 v7.01o Hypertext links for LaTeX

(C:\Users\Kimberley\AppData\Local\Programs\MiKTeX\tex/generic/iftex\iftex.sty
Package: iftex 2024/12/12 v1.0g TeX engine tests
)
(C:\Users\Kimberley\AppData\Local\Programs\MiKTeX\tex/latex/kvsetkeys\kvsetkeys
.sty
Package: kvsetkeys 2022-10-05 v1.19 Key value parser (HO)
)
(C:\Users\Kimberley\AppData\Local\Programs\MiKTeX\tex/generic/kvdefinekeys\kvde
finekeys.sty
Package: kvdefinekeys 2019-12-19 v1.6 Define keys (HO)
)
(C:\Users\Kimberley\AppData\Local\Programs\MiKTeX\tex/generic/pdfescape\pdfesca
pe.sty
Package: pdfescape 2019/12/09 v1.15 Implements pdfTeX's escape features (HO)

(C:\Users\Kimberley\AppData\Local\Programs\MiKTeX\tex/generic/ltxcmds\ltxcmds.s
ty
Package: ltxcmds 2023-12-04 v1.26 LaTeX kernel commands for general use (HO)
)
(C:\Users\Kimberley\AppData\Local\Programs\MiKTeX\tex/generic/pdftexcmds\pdftex
cmds.sty
Package: pdftexcmds 2020-06-27 v0.33 Utility functions of pdfTeX for LuaTeX (HO
)

(C:\Users\Kimberley\AppData\Local\Programs\MiKTeX\tex/generic/infwarerr\infware
rr.sty
Package: infwarerr 2019/12/03 v1.5 Providing info/warning/error messages (HO)
)
Package pdftexcmds Info: \pdf@primitive is available.
Package pdftexcmds Info: \pdf@ifprimitive is available.
Package pdftexcmds Info: \pdfdraftmode found.
))
(C:\Users\Kimberley\AppData\Local\Programs\MiKTeX\tex/latex/hycolor\hycolor.sty
Package: hycolor 2020-01-27 v1.10 Color options for hyperref/bookmark (HO)
)
(C:\Users\Kimberley\AppData\Local\Programs\MiKTeX\tex/latex/hyperref\nameref.st
y
Package: nameref 2025-06-21 v2.57 Cross-referencing by name of section

(C:\Users\Kimberley\AppData\Local\Programs\MiKTeX\tex/latex/refcount\refcount.s
ty
Package: refcount 2019/12/15 v3.6 Data extraction from label references (HO)
)
(C:\Users\Kimberley\AppData\Local\Programs\MiKTeX\tex/generic/gettitlestring\ge
ttitlestring.sty
Package: gettitlestring 2019/12/15 v1.6 Cleanup title references (HO)

(C:\Users\Kimberley\AppData\Local\Programs\MiKTeX\tex/latex/kvoptions\kvoptions
.sty
Package: kvoptions 2022-06-15 v3.15 Key value format for package options (HO)
))
\c@section@level=\count293
)
(C:\Users\Kimberley\AppData\Local\Programs\MiKTeX\tex/latex/etoolbox\etoolbox.s
ty
Package: etoolbox 2025/10/02 v2.5m e-TeX tools for LaTeX (JAW)
\etb@tempcnta=\count294
)
(C:\Users\Kimberley\AppData\Local\Programs\MiKTeX\tex/generic/stringenc\stringe
nc.sty
Package: stringenc 2019/11/29 v1.12 Convert strings between diff. encodings (HO
)
)
\@linkdim=\dimen160
\Hy@linkcounter=\count295
\Hy@pagecounter=\count296

(C:\Users\Kimberley\AppData\Local\Programs\MiKTeX\tex/latex/hyperref\pd1enc.def
File: pd1enc.def 2025-07-12 v7.01o Hyperref: PDFDocEncoding definition (HO)
Now handling font encoding PD1 ...
... no UTF-8 mapping file for font encoding PD1
)
(C:\Users\Kimberley\AppData\Local\Programs\MiKTeX\tex/generic/intcalc\intcalc.s
ty
Package: intcalc 2019/12/15 v1.3 Expandable calculations with integers (HO)
)
\Hy@SavedSpaceFactor=\count297

(C:\Users\Kimberley\AppData\Local\Programs\MiKTeX\tex/latex/hyperref\puenc.def
File: puenc.def 2025-07-12 v7.01o Hyperref: PDF Unicode definition (HO)
Now handling font encoding PU ...
... no UTF-8 mapping file for font encoding PU
)
Package hyperref Info: Option `colorlinks' set `true' on input line 4066.
Package hyperref Info: Hyper figures OFF on input line 4195.
Package hyperref Info: Link nesting OFF on input line 4200.
Package hyperref Info: Hyper index ON on input line 4203.
Package hyperref Info: Plain pages OFF on input line 4210.
Package hyperref Info: Backreferencing OFF on input line 4215.
Package hyperref Info: Implicit mode ON; LaTeX internals redefined.
Package hyperref Info: Bookmarks ON on input line 4462.
\c@Hy@tempcnt=\count298
(C:\Users\Kimberley\AppData\Local\Programs\MiKTeX\tex/latex/url\url.sty
\Urlmuskip=\muskip17
Package: url 2013/09/16  ver 3.4  Verb mode for urls, etc.
)
LaTeX Info: Redefining \url on input line 4801.
\XeTeXLinkMargin=\dimen161

(C:\Users\Kimberley\AppData\Local\Programs\MiKTeX\tex/generic/bitset\bitset.sty
Package: bitset 2019/12/09 v1.3 Handle bit-vector datatype (HO)

(C:\Users\Kimberley\AppData\Local\Programs\MiKTeX\tex/generic/bigintcalc\bigint
calc.sty
Package: bigintcalc 2019/12/15 v1.5 Expandable calculations on big integers (HO
)
))
\Fld@menulength=\count299
\Field@Width=\dimen162
\Fld@charsize=\dimen163
Package hyperref Info: Hyper figures OFF on input line 6078.
Package hyperref Info: Link nesting OFF on input line 6083.
Package hyperref Info: Hyper index ON on input line 6086.
Package hyperref Info: backreferencing OFF on input line 6093.
Package hyperref Info: Link coloring ON on input line 6096.
Package hyperref Info: Link coloring with OCG OFF on input line 6103.
Package hyperref Info: PDF/A mode OFF on input line 6108.
\Hy@abspage=\count300
\c@Item=\count301
\c@Hfootnote=\count302
)
Package hyperref Info: Driver (autodetected): hpdftex.

(C:\Users\Kimberley\AppData\Local\Programs\MiKTeX\tex/latex/hyperref\hpdftex.de
f
File: hpdftex.def 2025-07-12 v7.01o Hyperref driver for pdfTeX
\Fld@listcount=\count303
\c@bookmark@seq@number=\count304

(C:\Users\Kimberley\AppData\Local\Programs\MiKTeX\tex/latex/rerunfilecheck\reru
nfilecheck.sty
Package: rerunfilecheck 2025-06-21 v1.11 Rerun checks for auxiliary files (HO)

(C:\Users\Kimberley\AppData\Local\Programs\MiKTeX\tex/generic/uniquecounter\uni
quecounter.sty
Package: uniquecounter 2019/12/15 v1.4 Provide unlimited unique counter (HO)
)
Package uniquecounter Info: New unique counter `rerunfilecheck' on input line 2
84.
)
\Hy@SectionHShift=\skip51
)
(C:\Users\Kimberley\AppData\Local\Programs\MiKTeX\tex/latex/geometry\geometry.s
ty
Package: geometry 2026/03/07 v6.0 Page Geometry

(C:\Users\Kimberley\AppData\Local\Programs\MiKTeX\tex/generic/iftex\ifvtex.sty
Package: ifvtex 2019/10/25 v1.7 ifvtex legacy package. Use iftex instead.
)
\Gm@cnth=\count305
\Gm@cntv=\count306
\c@Gm@tempcnt=\count307
\Gm@bindingoffset=\dimen164
\Gm@wd@mp=\dimen165
\Gm@odd@mp=\dimen166
\Gm@even@mp=\dimen167
\Gm@layoutwidth=\dimen168
\Gm@layoutheight=\dimen169
\Gm@layouthoffset=\dimen170
\Gm@layoutvoffset=\dimen171
\Gm@dimlist=\toks21

(C:\Users\Kimberley\AppData\Local\Programs\MiKTeX\tex/latex/geometry\geometry.c
fg))
(C:\Users\Kimberley\AppData\Local\Programs\MiKTeX\tex/latex/setspace\setspace.s
ty
Package: setspace 2022/12/04 v6.7b set line spacing
)
(C:\Users\Kimberley\AppData\Local\Programs\MiKTeX\tex/latex/titlesec\titlesec.s
ty
Package: titlesec 2025/01/04 v2.17 Sectioning titles
\ttl@box=\box53
\beforetitleunit=\skip52
\aftertitleunit=\skip53
\ttl@plus=\dimen172
\ttl@minus=\dimen173
\ttl@toksa=\toks22
\titlewidth=\dimen174
\titlewidthlast=\dimen175
\titlewidthfirst=\dimen176
)
(C:\Users\Kimberley\AppData\Local\Programs\MiKTeX\tex/latex/fancyhdr\fancyhdr.s
ty
Package: fancyhdr 2025/02/07 v5.2 Extensive control of page headers and footers

\f@nch@headwidth=\skip54
\f@nch@offset@elh=\skip55
\f@nch@offset@erh=\skip56
\f@nch@offset@olh=\skip57
\f@nch@offset@orh=\skip58
\f@nch@offset@elf=\skip59
\f@nch@offset@erf=\skip60
\f@nch@offset@olf=\skip61
\f@nch@offset@orf=\skip62
\f@nch@height=\skip63
\f@nch@footalignment=\skip64
\f@nch@widthL=\skip65
\f@nch@widthC=\skip66
\f@nch@widthR=\skip67
\@temptokenb=\toks23
)
(C:\Users\Kimberley\AppData\Local\Programs\MiKTeX\tex/latex/booktabs\booktabs.s
ty
Package: booktabs 2020/01/12 v1.61803398 Publication quality tables
\heavyrulewidth=\dimen177
\lightrulewidth=\dimen178
\cmidrulewidth=\dimen179
\belowrulesep=\dimen180
\belowbottomsep=\dimen181
\aboverulesep=\dimen182
\abovetopsep=\dimen183
\cmidrulesep=\dimen184
\cmidrulekern=\dimen185
\defaultaddspace=\dimen186
\@cmidla=\count308
\@cmidlb=\count309
\@aboverulesep=\dimen187
\@belowrulesep=\dimen188
\@thisruleclass=\count310
\@lastruleclass=\count311
\@thisrulewidth=\dimen189
)
(C:\Users\Kimberley\AppData\Local\Programs\MiKTeX\tex/latex/tools\longtable.sty
Package: longtable 2025-10-13 v4.24 Multi-page Table package (DPC)
\LTleft=\skip68
\LTright=\skip69
\LTpre=\skip70
\LTpost=\skip71
\LTchunksize=\count312
\LTcapwidth=\dimen190
\LT@head=\box54
\LT@firsthead=\box55
\LT@foot=\box56
\LT@lastfoot=\box57
\LT@gbox=\box58
\LT@cols=\count313
\LT@rows=\count314
\c@LT@tables=\count315
\c@LT@chunks=\count316
\LT@p@ftn=\toks24
)
(C:\Users\Kimberley\AppData\Local\Programs\MiKTeX\tex/latex/listings\listings.s
ty
\lst@mode=\count317
\lst@gtempboxa=\box59
\lst@token=\toks25
\lst@length=\count318
\lst@currlwidth=\dimen191
\lst@column=\count319
\lst@pos=\count320
\lst@lostspace=\dimen192
\lst@width=\dimen193
\lst@newlines=\count321
\lst@lineno=\count322
\lst@maxwidth=\dimen194

(C:\Users\Kimberley\AppData\Local\Programs\MiKTeX\tex/latex/listings\lstpatch.s
ty
File: lstpatch.sty 2025/11/14 1.11b (Carsten Heinz)
)
(C:\Users\Kimberley\AppData\Local\Programs\MiKTeX\tex/latex/listings\lstmisc.st
y
File: lstmisc.sty 2025/11/14 1.11b (Carsten Heinz)
\c@lstnumber=\count323
\lst@skipnumbers=\count324
\lst@framebox=\box60
)
(C:\Users\Kimberley\AppData\Local\Programs\MiKTeX\tex/latex/listings\listings.c
fg
File: listings.cfg 2025/11/14 1.11b listings configuration
))
Package: listings 2025/11/14 1.11b (Carsten Heinz)

==> First Aid for listings.sty no longer applied!
    Expected:
        2024/09/23 1.10c (Carsten Heinz)
    but found:
        2025/11/14 1.11b (Carsten Heinz)
    so I'm assuming it got fixed.
(C:\Users\Kimberley\AppData\Local\Programs\MiKTeX\tex/latex/xcolor\xcolor.sty
Package: xcolor 2024/09/29 v3.02 LaTeX color extensions (UK)

(C:\Users\Kimberley\AppData\Local\Programs\MiKTeX\tex/latex/graphics-cfg\color.
cfg
File: color.cfg 2016/01/02 v1.6 sample color configuration
)
Package xcolor Info: Driver file: pdftex.def on input line 274.

(C:\Users\Kimberley\AppData\Local\Programs\MiKTeX\tex/latex/graphics\mathcolor.
ltx)
Package xcolor Info: Model `cmy' substituted by `cmy0' on input line 1349.
Package xcolor Info: Model `hsb' substituted by `rgb' on input line 1353.
Package xcolor Info: Model `RGB' extended on input line 1365.
Package xcolor Info: Model `HTML' substituted by `rgb' on input line 1367.
Package xcolor Info: Model `Hsb' substituted by `hsb' on input line 1368.
Package xcolor Info: Model `tHsb' substituted by `hsb' on input line 1369.
Package xcolor Info: Model `HSB' substituted by `hsb' on input line 1370.
Package xcolor Info: Model `Gray' substituted by `gray' on input line 1371.
Package xcolor Info: Model `wave' substituted by `hsb' on input line 1372.
)
(C:\Users\Kimberley\AppData\Local\Programs\MiKTeX\tex/latex/enumitem\enumitem.s
ty
Package: enumitem 2025/02/06 v3.11 Customized lists
\labelindent=\skip72
\enit@outerparindent=\dimen195
\enit@toks=\toks26
\enit@inbox=\box61
\enit@count@id=\count325
\enitdp@description=\count326
)
Package french3.ldf Info: Setting StandardItemizeEnv=true for
(french3.ldf)             compatibility with enumitem package,
(french3.ldf)             reported on input line 53.
Package french3.ldf Info: Setting StandardEnumerateEnv=true for
(french3.ldf)             compatibility with enumitem package,
(french3.ldf)             reported on input line 53.

(C:\Users\Kimberley\AppData\Local\Programs\MiKTeX\tex/latex/l3backend\l3backend
-pdftex.def
File: l3backend-pdftex.def 2025-10-09 L3 backend support: PDF output (pdfTeX)
\l__color_backend_stack_int=\count327
) (LIVRE_SOUTENANCE.aux
Package babel Info: 'french' activates 'french' shorthands.
(babel)             Reported on input line 11.
)
\openout1 = `LIVRE_SOUTENANCE.aux'.

LaTeX Font Info:    Checking defaults for OML/cmm/m/it on input line 53.
LaTeX Font Info:    ... okay on input line 53.
LaTeX Font Info:    Checking defaults for OMS/cmsy/m/n on input line 53.
LaTeX Font Info:    ... okay on input line 53.
LaTeX Font Info:    Checking defaults for OT1/cmr/m/n on input line 53.
LaTeX Font Info:    ... okay on input line 53.
LaTeX Font Info:    Checking defaults for T1/cmr/m/n on input line 53.
LaTeX Font Info:    ... okay on input line 53.
LaTeX Font Info:    Checking defaults for TS1/cmr/m/n on input line 53.
LaTeX Font Info:    ... okay on input line 53.
LaTeX Font Info:    Checking defaults for OMX/cmex/m/n on input line 53.
LaTeX Font Info:    ... okay on input line 53.
LaTeX Font Info:    Checking defaults for U/cmr/m/n on input line 53.
LaTeX Font Info:    ... okay on input line 53.
LaTeX Font Info:    Checking defaults for PD1/pdf/m/n on input line 53.
LaTeX Font Info:    ... okay on input line 53.
LaTeX Font Info:    Checking defaults for PU/pdf/m/n on input line 53.
LaTeX Font Info:    ... okay on input line 53.
LaTeX Info: Redefining \degres on input line 53.

(C:\Users\Kimberley\AppData\Local\Programs\MiKTeX\tex/context/base/mkii\supp-pd
f.mkii
[Loading MPS to PDF converter (version 2006.09.02).]
\scratchcounter=\count328
\scratchdimen=\dimen196
\scratchbox=\box62
\nofMPsegments=\count329
\nofMParguments=\count330
\everyMPshowfont=\toks27
\MPscratchCnt=\count331
\MPscratchDim=\dimen197
\MPnumerator=\count332
\makeMPintoPDFobject=\count333
\everyMPtoPDFconversion=\toks28
)
(C:\Users\Kimberley\AppData\Local\Programs\MiKTeX\tex/latex/epstopdf-pkg\epstop
df-base.sty
Package: epstopdf-base 2020-01-24 v2.11 Base part for package epstopdf
Package epstopdf-base Info: Redefining graphics rule for `.eps' on input line 4
85.

(C:\Users\Kimberley\AppData\Local\Programs\MiKTeX\tex/latex/00miktex\epstopdf-s
ys.cfg
File: epstopdf-sys.cfg 2021/03/18 v2.0 Configuration of epstopdf for MiKTeX
))
Package hyperref Info: Link coloring ON on input line 53.
 (LIVRE_SOUTENANCE.out) (LIVRE_SOUTENANCE.out)
\@outlinefile=\write3
\openout3 = `LIVRE_SOUTENANCE.out'.


*geometry* driver: auto-detecting
*geometry* detected driver: pdftex
*geometry* verbose mode - [ preamble ] result:
* driver: pdftex
* paper: a4paper
* layout: <same size as paper>
* layoutoffset:(h,v)=(0.0pt,0.0pt)
* modes: twoside 
* h-part:(L,W,R)=(71.13188pt, 455.24411pt, 71.13188pt)
* v-part:(T,H,B)=(71.13188pt, 702.78308pt, 71.13188pt)
* \paperwidth=597.50787pt
* \paperheight=845.04684pt
* \textwidth=455.24411pt
* \textheight=702.78308pt
* \oddsidemargin=-1.1381pt
* \evensidemargin=-1.1381pt
* \topmargin=-38.1381pt
* \headheight=12.0pt
* \headsep=25.0pt
* \topskip=12.0pt
* \footskip=30.0pt
* \marginparwidth=85.0pt
* \marginparsep=10.0pt
* \columnsep=10.0pt
* \skip\footins=10.8pt plus 4.0pt minus 2.0pt
* \hoffset=0.0pt
* \voffset=0.0pt
* \mag=1000
* \@twocolumnfalse
* \@twosidetrue
* \@mparswitchtrue
* \@reversemarginfalse
* (1in=72.27pt=25.4mm, 1cm=28.453pt)

\c@lstlisting=\count334
LaTeX Font Info:    External font `cmex10' loaded for size
(Font)              <12> on input line 64.
LaTeX Font Info:    External font `cmex10' loaded for size
(Font)              <8> on input line 64.
LaTeX Font Info:    External font `cmex10' loaded for size
(Font)              <6> on input line 64.
[1

{C:/Users/Kimberley/AppData/Local/MiKTeX/fonts/map/pdftex/pdftex.map}]

Package fancyhdr Warning: \headheight is too small (12.0pt): 
(fancyhdr)                Make it at least 14.49998pt, for example:
(fancyhdr)                \setlength{\headheight}{14.49998pt}.
(fancyhdr)                You might also make \topmargin smaller:
(fancyhdr)                \addtolength{\topmargin}{-2.49998pt}.

[2

]

Package fancyhdr Warning: \headheight is too small (12.0pt): 
(fancyhdr)                Make it at least 14.49998pt, for example:
(fancyhdr)                \setlength{\headheight}{14.49998pt}.
(fancyhdr)                You might also make \topmargin smaller:
(fancyhdr)                \addtolength{\topmargin}{-2.49998pt}.

[3

] (LIVRE_SOUTENANCE.toc

Package fancyhdr Warning: \headheight is too small (12.0pt): 
(fancyhdr)                Make it at least 14.49998pt, for example:
(fancyhdr)                \setlength{\headheight}{14.49998pt}.
(fancyhdr)                You might also make \topmargin smaller:
(fancyhdr)                \addtolength{\topmargin}{-2.49998pt}.

[4

]
Package babel Info: 'french' activates 'french' shorthands.
(babel)             Reported on input line 85.


Package fancyhdr Warning: \headheight is too small (12.0pt): 
(fancyhdr)                Make it at least 14.61858pt, for example:
(fancyhdr)                \setlength{\headheight}{14.61858pt}.
(fancyhdr)                You might also make \topmargin smaller:
(fancyhdr)                \addtolength{\topmargin}{-2.61858pt}.

[5]

Package fancyhdr Warning: \headheight is too small (12.0pt): 
(fancyhdr)                Make it at least 14.61858pt, for example:
(fancyhdr)                \setlength{\headheight}{14.61858pt}.
(fancyhdr)                You might also make \topmargin smaller:
(fancyhdr)                \addtolength{\topmargin}{-2.61858pt}.

[6]

Package fancyhdr Warning: \headheight is too small (12.0pt): 
(fancyhdr)                Make it at least 14.61858pt, for example:
(fancyhdr)                \setlength{\headheight}{14.61858pt}.
(fancyhdr)                You might also make \topmargin smaller:
(fancyhdr)                \addtolength{\topmargin}{-2.61858pt}.

[7])
\tf@toc=\write4
\openout4 = `LIVRE_SOUTENANCE.toc'.



Package fancyhdr Warning: \headheight is too small (12.0pt): 
(fancyhdr)                Make it at least 14.61858pt, for example:
(fancyhdr)                \setlength{\headheight}{14.61858pt}.
(fancyhdr)                You might also make \topmargin smaller:
(fancyhdr)                \addtolength{\topmargin}{-2.61858pt}.

[8] (LIVRE_SOUTENANCE.lof)
\tf@lof=\write5
\openout5 = `LIVRE_SOUTENANCE.lof'.



Package fancyhdr Warning: \headheight is too small (12.0pt): 
(fancyhdr)                Make it at least 14.49998pt, for example:
(fancyhdr)                \setlength{\headheight}{14.49998pt}.
(fancyhdr)                You might also make \topmargin smaller:
(fancyhdr)                \addtolength{\topmargin}{-2.49998pt}.

[9

] (LIVRE_SOUTENANCE.lot)
\tf@lot=\write6
\openout6 = `LIVRE_SOUTENANCE.lot'.



Package fancyhdr Warning: \headheight is too small (12.0pt): 
(fancyhdr)                Make it at least 14.49998pt, for example:
(fancyhdr)                \setlength{\headheight}{14.49998pt}.
(fancyhdr)                You might also make \topmargin smaller:
(fancyhdr)                \addtolength{\topmargin}{-2.49998pt}.

[10

]

Package fancyhdr Warning: \headheight is too small (12.0pt): 
(fancyhdr)                Make it at least 14.49998pt, for example:
(fancyhdr)                \setlength{\headheight}{14.49998pt}.
(fancyhdr)                You might also make \topmargin smaller:
(fancyhdr)                \addtolength{\topmargin}{-2.49998pt}.

[11

]

Package fancyhdr Warning: \headheight is too small (12.0pt): 
(fancyhdr)                Make it at least 14.49998pt, for example:
(fancyhdr)                \setlength{\headheight}{14.49998pt}.
(fancyhdr)                You might also make \topmargin smaller:
(fancyhdr)                \addtolength{\topmargin}{-2.49998pt}.

[12]

Package fancyhdr Warning: \headheight is too small (12.0pt): 
(fancyhdr)                Make it at least 14.49998pt, for example:
(fancyhdr)                \setlength{\headheight}{14.49998pt}.
(fancyhdr)                You might also make \topmargin smaller:
(fancyhdr)                \addtolength{\topmargin}{-2.49998pt}.

[13]
Chapitre 1.

Package fancyhdr Warning: \headheight is too small (12.0pt): 
(fancyhdr)                Make it at least 14.49998pt, for example:
(fancyhdr)                \setlength{\headheight}{14.49998pt}.
(fancyhdr)                You might also make \topmargin smaller:
(fancyhdr)                \addtolength{\topmargin}{-2.49998pt}.

[14

]

Package fancyhdr Warning: \headheight is too small (12.0pt): 
(fancyhdr)                Make it at least 14.49998pt, for example:
(fancyhdr)                \setlength{\headheight}{14.49998pt}.
(fancyhdr)                You might also make \topmargin smaller:
(fancyhdr)                \addtolength{\topmargin}{-2.49998pt}.

[15]

Package fancyhdr Warning: \headheight is too small (12.0pt): 
(fancyhdr)                Make it at least 14.61858pt, for example:
(fancyhdr)                \setlength{\headheight}{14.61858pt}.
(fancyhdr)                You might also make \topmargin smaller:
(fancyhdr)                \addtolength{\topmargin}{-2.61858pt}.

[16]

Package fancyhdr Warning: \headheight is too small (12.0pt): 
(fancyhdr)                Make it at least 14.61858pt, for example:
(fancyhdr)                \setlength{\headheight}{14.61858pt}.
(fancyhdr)                You might also make \topmargin smaller:
(fancyhdr)                \addtolength{\topmargin}{-2.61858pt}.

[17]

Package fancyhdr Warning: \headheight is too small (12.0pt): 
(fancyhdr)                Make it at least 14.61858pt, for example:
(fancyhdr)                \setlength{\headheight}{14.61858pt}.
(fancyhdr)                You might also make \topmargin smaller:
(fancyhdr)                \addtolength{\topmargin}{-2.61858pt}.

[18]

Package fancyhdr Warning: \headheight is too small (12.0pt): 
(fancyhdr)                Make it at least 14.61858pt, for example:
(fancyhdr)                \setlength{\headheight}{14.61858pt}.
(fancyhdr)                You might also make \topmargin smaller:
(fancyhdr)                \addtolength{\topmargin}{-2.61858pt}.

[19]

Package fancyhdr Warning: \headheight is too small (12.0pt): 
(fancyhdr)                Make it at least 14.61858pt, for example:
(fancyhdr)                \setlength{\headheight}{14.61858pt}.
(fancyhdr)                You might also make \topmargin smaller:
(fancyhdr)                \addtolength{\topmargin}{-2.61858pt}.

[20]

Package fancyhdr Warning: \headheight is too small (12.0pt): 
(fancyhdr)                Make it at least 14.61858pt, for example:
(fancyhdr)                \setlength{\headheight}{14.61858pt}.
(fancyhdr)                You might also make \topmargin smaller:
(fancyhdr)                \addtolength{\topmargin}{-2.61858pt}.

[21]
Overfull \hbox (5.44601pt too wide) in paragraph at lines 477--478
[]\T1/cmr/bx/n/12 Utilisation dans No-vas-kol : \T1/cmr/m/n/12 Dé-ploie-ments h
é-ber-gés et ins-tal-la-tions multi-utilisateurs. 
 []


Package fancyhdr Warning: \headheight is too small (12.0pt): 
(fancyhdr)                Make it at least 14.61858pt, for example:
(fancyhdr)                \setlength{\headheight}{14.61858pt}.
(fancyhdr)                You might also make \topmargin smaller:
(fancyhdr)                \addtolength{\topmargin}{-2.61858pt}.

[22]

Package fancyhdr Warning: \headheight is too small (12.0pt): 
(fancyhdr)                Make it at least 14.49998pt, for example:
(fancyhdr)                \setlength{\headheight}{14.49998pt}.
(fancyhdr)                You might also make \topmargin smaller:
(fancyhdr)                \addtolength{\topmargin}{-2.49998pt}.

[23]

Package fancyhdr Warning: \headheight is too small (12.0pt): 
(fancyhdr)                Make it at least 14.61858pt, for example:
(fancyhdr)                \setlength{\headheight}{14.61858pt}.
(fancyhdr)                You might also make \topmargin smaller:
(fancyhdr)                \addtolength{\topmargin}{-2.61858pt}.

[24]
Chapitre 2.

LaTeX Warning: `h' float specifier changed to `ht'.


Underfull \vbox (badness 1454) has occurred while \output is active []



Package fancyhdr Warning: \headheight is too small (12.0pt): 
(fancyhdr)                Make it at least 14.49998pt, for example:
(fancyhdr)                \setlength{\headheight}{14.49998pt}.
(fancyhdr)                You might also make \topmargin smaller:
(fancyhdr)                \addtolength{\topmargin}{-2.49998pt}.

[25

]
Overfull \hbox (63.32925pt too wide) in paragraph at lines 645--645
[]\T1/cmtt/m/n/12 +------------------------------------------------------------
----------------------+[] 
 []


Overfull \hbox (69.50275pt too wide) in paragraph at lines 645--645
[]\T1/cmtt/m/n/12 |                         APPLICATION DE BUREAU (Electron)   
                       |[] 
 []


Overfull \hbox (63.32925pt too wide) in paragraph at lines 645--645
[]\T1/cmtt/m/n/12 |  +---------------------------------------------------------
------------------+   |[] 
 []


Overfull \hbox (63.32925pt too wide) in paragraph at lines 645--645
[]\T1/cmtt/m/n/12 |  |                         PROCESSUS PRINCIPAL (main.cjs)  
                  |   |[] 
 []


Overfull \hbox (63.32925pt too wide) in paragraph at lines 645--645
[]\T1/cmtt/m/n/12 |  |  - Splash screen (460x360, frameless)                   
                  |   |[] 
 []


Overfull \hbox (63.32925pt too wide) in paragraph at lines 645--645
[]\T1/cmtt/m/n/12 |  |  - Gestion du cycle de vie du serveur PHP               
                  |   |[] 
 []


Overfull \hbox (63.32925pt too wide) in paragraph at lines 645--645
[]\T1/cmtt/m/n/12 |  |  - Communication IPC via contextBridge (preload.cjs)    
                  |   |[] 
 []


Overfull \hbox (63.32925pt too wide) in paragraph at lines 645--645
[]\T1/cmtt/m/n/12 |  |  - Fenetre principale (1440x920, min 1220x760)          
                  |   |[] 
 []


Overfull \hbox (63.32925pt too wide) in paragraph at lines 645--645
[]\T1/cmtt/m/n/12 |  |  - Instance unique via app.requestSingleInstanceLock()  
                  |   |[] 
 []


Overfull \hbox (63.32925pt too wide) in paragraph at lines 645--645
[]\T1/cmtt/m/n/12 |  +---------------------------------------------------------
------------------+   |[] 
 []


Overfull \hbox (75.67624pt too wide) in paragraph at lines 645--645
[]\T1/cmtt/m/n/12 |                                   |                        
                        |[] 
 []


Overfull \hbox (75.67624pt too wide) in paragraph at lines 645--645
[]\T1/cmtt/m/n/12 |                                   v                        
                        |[] 
 []


Overfull \hbox (63.32925pt too wide) in paragraph at lines 645--645
[]\T1/cmtt/m/n/12 |  +---------------------------------------------------------
------------------+   |[] 
 []


Overfull \hbox (63.32925pt too wide) in paragraph at lines 645--645
[]\T1/cmtt/m/n/12 |  |                         LARAVEL BACKEND (PHP 8.2.0)     
                  |   |[] 
 []


Overfull \hbox (63.32925pt too wide) in paragraph at lines 645--645
[]\T1/cmtt/m/n/12 |  |  +----------------+  +----------------+  +--------------
---------------+  |   |[] 
 []


Overfull \hbox (63.32925pt too wide) in paragraph at lines 645--645
[]\T1/cmtt/m/n/12 |  |  | Controleurs    |  | Services       |  | Middleware & 
Auth           |  |   |[] 
 []


Overfull \hbox (57.15576pt too wide) in paragraph at lines 645--645
[]\T1/cmtt/m/n/12 |  |  | (30 fichiers)  |  | (9 fichiers)   |  | (module.acces
s)            |  |   |[] 
 []


Overfull \hbox (63.32925pt too wide) in paragraph at lines 645--645
[]\T1/cmtt/m/n/12 |  |  +----------------+  +----------------+  +--------------
---------------+  |   |[] 
 []


Overfull \hbox (63.32925pt too wide) in paragraph at lines 645--645
[]\T1/cmtt/m/n/12 |  |  +----------------+  +----------------+  +--------------
---------------+  |   |[] 
 []


Overfull \hbox (63.32925pt too wide) in paragraph at lines 645--645
[]\T1/cmtt/m/n/12 |  |  | Routes (web)   |  | Models (ORM)   |  | Artisan Comma
nds            |  |   |[] 
 []


Overfull \hbox (57.15576pt too wide) in paragraph at lines 645--645
[]\T1/cmtt/m/n/12 |  |  | (287 lignes)   |  | (Eloquent)     |  | (novaskol:pre
pare, etc.)   |  |   |[] 
 []


Overfull \hbox (63.32925pt too wide) in paragraph at lines 645--645
[]\T1/cmtt/m/n/12 |  |  +----------------+  +----------------+  +--------------
---------------+  |   |[] 
 []


Package fancyhdr Warning: \headheight is too small (12.0pt): 
(fancyhdr)                Make it at least 14.49998pt, for example:
(fancyhdr)                \setlength{\headheight}{14.49998pt}.
(fancyhdr)                You might also make \topmargin smaller:
(fancyhdr)                \addtolength{\topmargin}{-2.49998pt}.

[26]
Overfull \hbox (63.32925pt too wide) in paragraph at lines 645--645
[]\T1/cmtt/m/n/12 |  |  +----------------+  +----------------+  +--------------
---------------+  |   |[] 
 []


Overfull \hbox (57.15576pt too wide) in paragraph at lines 645--645
[]\T1/cmtt/m/n/12 |  |  | Vue Blade      |  | Assets CSS/JS  |  | Config (novas
kol, app, etc)|  |   |[] 
 []


Overfull \hbox (63.32925pt too wide) in paragraph at lines 645--645
[]\T1/cmtt/m/n/12 |  |  | (66 fichiers)  |  | (Vite+Tailwind)|  |              
               |  |   |[] 
 []


Overfull \hbox (63.32925pt too wide) in paragraph at lines 645--645
[]\T1/cmtt/m/n/12 |  |  +----------------+  +----------------+  +--------------
---------------+  |   |[] 
 []


Overfull \hbox (63.32925pt too wide) in paragraph at lines 645--645
[]\T1/cmtt/m/n/12 |  +---------------------------------------------------------
------------------+   |[] 
 []


Overfull \hbox (75.67624pt too wide) in paragraph at lines 645--645
[]\T1/cmtt/m/n/12 |                                   |                        
                        |[] 
 []


Overfull \hbox (75.67624pt too wide) in paragraph at lines 645--645
[]\T1/cmtt/m/n/12 |                                   v                        
                        |[] 
 []


Overfull \hbox (63.32925pt too wide) in paragraph at lines 645--645
[]\T1/cmtt/m/n/12 |  +---------------------------------------------------------
------------------+   |[] 
 []


Overfull \hbox (63.32925pt too wide) in paragraph at lines 645--645
[]\T1/cmtt/m/n/12 |  |                      BASE DE DONNEES (SQLite / MySQL)   
                  |   |[] 
 []


Overfull \hbox (63.32925pt too wide) in paragraph at lines 645--645
[]\T1/cmtt/m/n/12 |  |                     ~42 tables, 33 migrations Laravel   
                  |   |[] 
 []


Overfull \hbox (63.32925pt too wide) in paragraph at lines 645--645
[]\T1/cmtt/m/n/12 |  +---------------------------------------------------------
------------------+   |[] 
 []


Overfull \hbox (63.32925pt too wide) in paragraph at lines 645--645
[]\T1/cmtt/m/n/12 +------------------------------------------------------------
----------------------+[] 
 []


Package fancyhdr Warning: \headheight is too small (12.0pt): 
(fancyhdr)                Make it at least 14.61858pt, for example:
(fancyhdr)                \setlength{\headheight}{14.61858pt}.
(fancyhdr)                You might also make \topmargin smaller:
(fancyhdr)                \addtolength{\topmargin}{-2.61858pt}.

[27]
Overfull \hbox (13.94131pt too wide) in paragraph at lines 693--693
[]\T1/cmtt/m/n/12 +----------+    +----------+    +----------+    +----------+ 
   +----------+[] 
 []


Overfull \hbox (13.94131pt too wide) in paragraph at lines 693--693
[]\T1/cmtt/m/n/12 | Lancement|--->| Splash   |--->| Init PHP |--->| Migrate  |-
-->| PHP Serve|[] 
 []


Overfull \hbox (13.94131pt too wide) in paragraph at lines 693--693
[]\T1/cmtt/m/n/12 | .exe     |    | Screen   |    | + .env   |    | BDD      | 
   | :8001    |[] 
 []


Overfull \hbox (13.94131pt too wide) in paragraph at lines 693--693
[]\T1/cmtt/m/n/12 +----------+    +----------+    +----------+    +----------+ 
   +----------+[] 
 []


(C:\Users\Kimberley\AppData\Local\Programs\MiKTeX\tex/latex/listings\lstlang1.s
ty
File: lstlang1.sty 2025/11/14 1.11b listings language file
)
(C:\Users\Kimberley\AppData\Local\Programs\MiKTeX\tex/latex/listings\lstlang2.s
ty
File: lstlang2.sty 2025/11/14 1.11b listings language file
)
(C:\Users\Kimberley\AppData\Local\Programs\MiKTeX\tex/latex/listings\lstlang3.s
ty
File: lstlang3.sty 2025/11/14 1.11b listings language file
)

! Package Listings Error: Couldn't load requested language.

See the Listings package documentation for explanation.
Type  H <return>  for immediate help.
 ...                                              
                                                  
l.703 \begin{lstlisting}[language=JavaScript]
                                             
The following languages weren't loadable:
    ,javascript$
This may cause errors in the sequel.


! Package Listings Error: language javascript undefined.

See the Listings package documentation for explanation.
Type  H <return>  for immediate help.
 ...                                              
                                                  
l.703 \begin{lstlisting}[language=JavaScript]
                                             
The language is not loadable. Try typing  <return>  to proceed.
If that doesn't work, type  X <return>  to quit.


Package fancyhdr Warning: \headheight is too small (12.0pt): 
(fancyhdr)                Make it at least 14.49998pt, for example:
(fancyhdr)                \setlength{\headheight}{14.49998pt}.
(fancyhdr)                You might also make \topmargin smaller:
(fancyhdr)                \addtolength{\topmargin}{-2.49998pt}.

[28]
! Missing $ inserted.
<inserted text> 
                $
l.781 barryvdh/laravel-dompdf ^
                               2.3 & GĂ©nĂ©ration de PDF \\
I've inserted a begin-math/end-math symbol since I think
you left one out. Proceed, with fingers crossed.

! Extra }, or forgotten $.
<template> \unskip \hfil }
                          \hskip \tabcolsep \endtemplate 
l.781 barryvdh/laravel-dompdf ^2.3 &
                                     GĂ©nĂ©ration de PDF \\
I've deleted a group-closing symbol because it seems to be
spurious, as in `$x}$'. But perhaps the } is legitimate and
you forgot something else, as in `\hbox{$x}'. In such cases
the way to recover is to insert both the forgotten and the
deleted material, e.g., by typing `I$}'.

! Missing $ inserted.
<inserted text> 
                $
l.781 barryvdh/laravel-dompdf ^2.3 &
                                     GĂ©nĂ©ration de PDF \\
I've inserted a begin-math/end-math symbol since I think
you left one out. Proceed, with fingers crossed.

! Missing } inserted.
<inserted text> 
                }
l.781 barryvdh/laravel-dompdf ^2.3 &
                                     GĂ©nĂ©ration de PDF \\
I've inserted something that you may have forgotten.
(See the <inserted text> above.)
With luck, this will get me unwedged. But if you
really didn't forget anything, try typing `2' now; then
my insertion and my current dilemma will both disappear.

! Missing $ inserted.
<inserted text> 
                $
l.782 phpoffice/phpspreadsheet ^
                                5.7 & Manipulation de fichiers Excel \\
I've inserted a begin-math/end-math symbol since I think
you left one out. Proceed, with fingers crossed.

! Extra }, or forgotten $.
<template> \unskip \hfil }
                          \hskip \tabcolsep \endtemplate 
l.782 phpoffice/phpspreadsheet ^5.7 &
                                      Manipulation de fichiers Excel \\
I've deleted a group-closing symbol because it seems to be
spurious, as in `$x}$'. But perhaps the } is legitimate and
you forgot something else, as in `\hbox{$x}'. In such cases
the way to recover is to insert both the forgotten and the
deleted material, e.g., by typing `I$}'.

! Missing $ inserted.
<inserted text> 
                $
l.782 phpoffice/phpspreadsheet ^5.7 &
                                      Manipulation de fichiers Excel \\
I've inserted a begin-math/end-math symbol since I think
you left one out. Proceed, with fingers crossed.

! Missing } inserted.
<inserted text> 
                }
l.782 phpoffice/phpspreadsheet ^5.7 &
                                      Manipulation de fichiers Excel \\
I've inserted something that you may have forgotten.
(See the <inserted text> above.)
With luck, this will get me unwedged. But if you
really didn't forget anything, try typing `2' now; then
my insertion and my current dilemma will both disappear.

! Missing $ inserted.
<inserted text> 
                $
l.783 chillerlan/php-qrcode ^
                             5.0 & GĂ©nĂ©ration de QR codes \\
I've inserted a begin-math/end-math symbol since I think
you left one out. Proceed, with fingers crossed.

! Extra }, or forgotten $.
<template> \unskip \hfil }
                          \hskip \tabcolsep \endtemplate 
l.783 chillerlan/php-qrcode ^5.0 &
                                   GĂ©nĂ©ration de QR codes \\
I've deleted a group-closing symbol because it seems to be
spurious, as in `$x}$'. But perhaps the } is legitimate and
you forgot something else, as in `\hbox{$x}'. In such cases
the way to recover is to insert both the forgotten and the
deleted material, e.g., by typing `I$}'.

! Missing $ inserted.
<inserted text> 
                $
l.783 chillerlan/php-qrcode ^5.0 &
                                   GĂ©nĂ©ration de QR codes \\
I've inserted a begin-math/end-math symbol since I think
you left one out. Proceed, with fingers crossed.

! Missing } inserted.
<inserted text> 
                }
l.783 chillerlan/php-qrcode ^5.0 &
                                   GĂ©nĂ©ration de QR codes \\
I've inserted something that you may have forgotten.
(See the <inserted text> above.)
With luck, this will get me unwedged. But if you
really didn't forget anything, try typing `2' now; then
my insertion and my current dilemma will both disappear.


Package fancyhdr Warning: \headheight is too small (12.0pt): 
(fancyhdr)                Make it at least 14.61858pt, for example:
(fancyhdr)                \setlength{\headheight}{14.61858pt}.
(fancyhdr)                You might also make \topmargin smaller:
(fancyhdr)                \addtolength{\topmargin}{-2.61858pt}.

[29]

LaTeX Warning: `h' float specifier changed to `ht'.


Package fancyhdr Warning: \headheight is too small (12.0pt): 
(fancyhdr)                Make it at least 14.49998pt, for example:
(fancyhdr)                \setlength{\headheight}{14.49998pt}.
(fancyhdr)                You might also make \topmargin smaller:
(fancyhdr)                \addtolength{\topmargin}{-2.49998pt}.

[30]
ignored error: Infinite glue shrinkage found in box being split

Package fancyhdr Warning: \headheight is too small (12.0pt): 
(fancyhdr)                Make it at least 14.61858pt, for example:
(fancyhdr)                \setlength{\headheight}{14.61858pt}.
(fancyhdr)                You might also make \topmargin smaller:
(fancyhdr)                \addtolength{\topmargin}{-2.61858pt}.

[31]
LaTeX Font Info:    Font shape `T1/cmtt/bx/n' in size <12> not available
(Font)              Font shape `T1/cmtt/m/n' tried instead on input line 911.

Overfull \hbox (10.06198pt too wide) in alignment at lines 912--917
 [] [] [] 
 []


Overfull \hbox (10.06198pt too wide) in alignment at lines 917--922
 [] [] [] 
 []


Overfull \hbox (10.06198pt too wide) in alignment at lines 922--924
 [] [] [] 
 []


Overfull \hbox (10.06198pt too wide) in alignment at lines 924--939
 [] [] [] 
 []

ignored error: Infinite glue shrinkage found in box being split

Package fancyhdr Warning: \headheight is too small (12.0pt): 
(fancyhdr)                Make it at least 14.49998pt, for example:
(fancyhdr)                \setlength{\headheight}{14.49998pt}.
(fancyhdr)                You might also make \topmargin smaller:
(fancyhdr)                \addtolength{\topmargin}{-2.49998pt}.

[32]

Package fancyhdr Warning: \headheight is too small (12.0pt): 
(fancyhdr)                Make it at least 14.61858pt, for example:
(fancyhdr)                \setlength{\headheight}{14.61858pt}.
(fancyhdr)                You might also make \topmargin smaller:
(fancyhdr)                \addtolength{\topmargin}{-2.61858pt}.

[33]
Overfull \hbox (57.0961pt too wide) in paragraph at lines 985--986
[]\T1/cmr/m/n/12 Un \T1/cmr/bx/n/12 Pro-fes-seur \T1/cmr/m/n/12 en-seigne dans 
plu-sieurs \T1/cmr/bx/n/12 Classes \T1/cmr/m/n/12 et \T1/cmr/bx/n/12 Ma-tičres 
\T1/cmr/m/n/12 (N :N via \T1/cmtt/m/n/12 professeurs_classes\T1/cmr/m/n/12 ) 
 []


Overfull \hbox (18.50851pt too wide) in paragraph at lines 1013--1023
 [][] 
 []


LaTeX Warning: `h' float specifier changed to `ht'.


LaTeX Warning: `h' float specifier changed to `ht'.


Package fancyhdr Warning: \headheight is too small (12.0pt): 
(fancyhdr)                Make it at least 14.49998pt, for example:
(fancyhdr)                \setlength{\headheight}{14.49998pt}.
(fancyhdr)                You might also make \topmargin smaller:
(fancyhdr)                \addtolength{\topmargin}{-2.49998pt}.

[34]

LaTeX Warning: `h' float specifier changed to `ht'.


LaTeX Warning: `h' float specifier changed to `ht'.


Overfull \hbox (10.89658pt too wide) in paragraph at lines 1123--1131
 [][] 
 []


LaTeX Warning: `h' float specifier changed to `ht'.


LaTeX Warning: `h' float specifier changed to `ht'.


Underfull \vbox (badness 10000) has occurred while \output is active []



Package fancyhdr Warning: \headheight is too small (12.0pt): 
(fancyhdr)                Make it at least 14.61858pt, for example:
(fancyhdr)                \setlength{\headheight}{14.61858pt}.
(fancyhdr)                You might also make \topmargin smaller:
(fancyhdr)                \addtolength{\topmargin}{-2.61858pt}.

[35]

Package fancyhdr Warning: \headheight is too small (12.0pt): 
(fancyhdr)                Make it at least 14.49998pt, for example:
(fancyhdr)                \setlength{\headheight}{14.49998pt}.
(fancyhdr)                You might also make \topmargin smaller:
(fancyhdr)                \addtolength{\topmargin}{-2.49998pt}.

[36]

Package fancyhdr Warning: \headheight is too small (12.0pt): 
(fancyhdr)                Make it at least 14.49998pt, for example:
(fancyhdr)                \setlength{\headheight}{14.49998pt}.
(fancyhdr)                You might also make \topmargin smaller:
(fancyhdr)                \addtolength{\topmargin}{-2.49998pt}.

[37]
Chapitre 3.
ignored error: Infinite glue shrinkage found in box being split

Package fancyhdr Warning: \headheight is too small (12.0pt): 
(fancyhdr)                Make it at least 14.49998pt, for example:
(fancyhdr)                \setlength{\headheight}{14.49998pt}.
(fancyhdr)                You might also make \topmargin smaller:
(fancyhdr)                \addtolength{\topmargin}{-2.49998pt}.

[38

]
Underfull \hbox (badness 5460) in paragraph at lines 1246--1247
[]\T1/cmr/m/n/12 Consultation, com-mu-ni-ca-
 []


LaTeX Warning: `h' float specifier changed to `ht'.

LaTeX Font Info:    External font `cmex10' loaded for size
(Font)              <7> on input line 1260.
LaTeX Font Info:    External font `cmex10' loaded for size
(Font)              <5> on input line 1260.

LaTeX Warning: `h' float specifier changed to `ht'.


Underfull \vbox (badness 10000) has occurred while \output is active []



Package fancyhdr Warning: \headheight is too small (12.0pt): 
(fancyhdr)                Make it at least 14.49998pt, for example:
(fancyhdr)                \setlength{\headheight}{14.49998pt}.
(fancyhdr)                You might also make \topmargin smaller:
(fancyhdr)                \addtolength{\topmargin}{-2.49998pt}.

[39]

Package fancyhdr Warning: \headheight is too small (12.0pt): 
(fancyhdr)                Make it at least 14.49998pt, for example:
(fancyhdr)                \setlength{\headheight}{14.49998pt}.
(fancyhdr)                You might also make \topmargin smaller:
(fancyhdr)                \addtolength{\topmargin}{-2.49998pt}.

[40]

Package fancyhdr Warning: \headheight is too small (12.0pt): 
(fancyhdr)                Make it at least 14.49998pt, for example:
(fancyhdr)                \setlength{\headheight}{14.49998pt}.
(fancyhdr)                You might also make \topmargin smaller:
(fancyhdr)                \addtolength{\topmargin}{-2.49998pt}.

[41]

Package fancyhdr Warning: \headheight is too small (12.0pt): 
(fancyhdr)                Make it at least 14.49998pt, for example:
(fancyhdr)                \setlength{\headheight}{14.49998pt}.
(fancyhdr)                You might also make \topmargin smaller:
(fancyhdr)                \addtolength{\topmargin}{-2.49998pt}.

[42]

Package fancyhdr Warning: \headheight is too small (12.0pt): 
(fancyhdr)                Make it at least 14.61858pt, for example:
(fancyhdr)                \setlength{\headheight}{14.61858pt}.
(fancyhdr)                You might also make \topmargin smaller:
(fancyhdr)                \addtolength{\topmargin}{-2.61858pt}.

[43]

Package fancyhdr Warning: \headheight is too small (12.0pt): 
(fancyhdr)                Make it at least 14.49998pt, for example:
(fancyhdr)                \setlength{\headheight}{14.49998pt}.
(fancyhdr)                You might also make \topmargin smaller:
(fancyhdr)                \addtolength{\topmargin}{-2.49998pt}.

[44]

Package fancyhdr Warning: \headheight is too small (12.0pt): 
(fancyhdr)                Make it at least 14.61858pt, for example:
(fancyhdr)                \setlength{\headheight}{14.61858pt}.
(fancyhdr)                You might also make \topmargin smaller:
(fancyhdr)                \addtolength{\topmargin}{-2.61858pt}.

[45]

Package fancyhdr Warning: \headheight is too small (12.0pt): 
(fancyhdr)                Make it at least 14.49998pt, for example:
(fancyhdr)                \setlength{\headheight}{14.49998pt}.
(fancyhdr)                You might also make \topmargin smaller:
(fancyhdr)                \addtolength{\topmargin}{-2.49998pt}.

[46]
Underfull \vbox (badness 10000) has occurred while \output is active []



Package fancyhdr Warning: \headheight is too small (12.0pt): 
(fancyhdr)                Make it at least 14.61858pt, for example:
(fancyhdr)                \setlength{\headheight}{14.61858pt}.
(fancyhdr)                You might also make \topmargin smaller:
(fancyhdr)                \addtolength{\topmargin}{-2.61858pt}.

[47]

Package fancyhdr Warning: \headheight is too small (12.0pt): 
(fancyhdr)                Make it at least 14.49998pt, for example:
(fancyhdr)                \setlength{\headheight}{14.49998pt}.
(fancyhdr)                You might also make \topmargin smaller:
(fancyhdr)                \addtolength{\topmargin}{-2.49998pt}.

[48]

Package fancyhdr Warning: \headheight is too small (12.0pt): 
(fancyhdr)                Make it at least 14.61858pt, for example:
(fancyhdr)                \setlength{\headheight}{14.61858pt}.
(fancyhdr)                You might also make \topmargin smaller:
(fancyhdr)                \addtolength{\topmargin}{-2.61858pt}.

[49]
Underfull \vbox (badness 10000) has occurred while \output is active []



Package fancyhdr Warning: \headheight is too small (12.0pt): 
(fancyhdr)                Make it at least 14.49998pt, for example:
(fancyhdr)                \setlength{\headheight}{14.49998pt}.
(fancyhdr)                You might also make \topmargin smaller:
(fancyhdr)                \addtolength{\topmargin}{-2.49998pt}.

[50]

Package fancyhdr Warning: \headheight is too small (12.0pt): 
(fancyhdr)                Make it at least 14.49998pt, for example:
(fancyhdr)                \setlength{\headheight}{14.49998pt}.
(fancyhdr)                You might also make \topmargin smaller:
(fancyhdr)                \addtolength{\topmargin}{-2.49998pt}.

[51]
Chapitre 4.

Package fancyhdr Warning: \headheight is too small (12.0pt): 
(fancyhdr)                Make it at least 14.49998pt, for example:
(fancyhdr)                \setlength{\headheight}{14.49998pt}.
(fancyhdr)                You might also make \topmargin smaller:
(fancyhdr)                \addtolength{\topmargin}{-2.49998pt}.

[52

]

Package fancyhdr Warning: \headheight is too small (12.0pt): 
(fancyhdr)                Make it at least 14.61858pt, for example:
(fancyhdr)                \setlength{\headheight}{14.61858pt}.
(fancyhdr)                You might also make \topmargin smaller:
(fancyhdr)                \addtolength{\topmargin}{-2.61858pt}.

[53]
(C:\Users\Kimberley\AppData\Local\Programs\MiKTeX\tex/latex/listings\lstlang1.s
ty
File: lstlang1.sty 2025/11/14 1.11b listings language file
)
(C:\Users\Kimberley\AppData\Local\Programs\MiKTeX\tex/latex/listings\lstlang2.s
ty
File: lstlang2.sty 2025/11/14 1.11b listings language file
)
LaTeX Font Info:    Font shape `T1/cmtt/bx/n' in size <10.95> not available
(Font)              Font shape `T1/cmtt/m/n' tried instead on input line 1866.


Package fancyhdr Warning: \headheight is too small (12.0pt): 
(fancyhdr)                Make it at least 14.61858pt, for example:
(fancyhdr)                \setlength{\headheight}{14.61858pt}.
(fancyhdr)                You might also make \topmargin smaller:
(fancyhdr)                \addtolength{\topmargin}{-2.61858pt}.

[54]

Package fancyhdr Warning: \headheight is too small (12.0pt): 
(fancyhdr)                Make it at least 14.61858pt, for example:
(fancyhdr)                \setlength{\headheight}{14.61858pt}.
(fancyhdr)                You might also make \topmargin smaller:
(fancyhdr)                \addtolength{\topmargin}{-2.61858pt}.

[55]

Package fancyhdr Warning: \headheight is too small (12.0pt): 
(fancyhdr)                Make it at least 14.61858pt, for example:
(fancyhdr)                \setlength{\headheight}{14.61858pt}.
(fancyhdr)                You might also make \topmargin smaller:
(fancyhdr)                \addtolength{\topmargin}{-2.61858pt}.

[56]
(C:\Users\Kimberley\AppData\Local\Programs\MiKTeX\tex/latex/listings\lstlang1.s
ty
File: lstlang1.sty 2025/11/14 1.11b listings language file
)
(C:\Users\Kimberley\AppData\Local\Programs\MiKTeX\tex/latex/listings\lstlang2.s
ty
File: lstlang2.sty 2025/11/14 1.11b listings language file
)
(C:\Users\Kimberley\AppData\Local\Programs\MiKTeX\tex/latex/listings\lstlang3.s
ty
File: lstlang3.sty 2025/11/14 1.11b listings language file
)

! Package Listings Error: Couldn't load requested language.

See the Listings package documentation for explanation.
Type  H <return>  for immediate help.
 ...                                              
                                                  
l.1980 \begin{lstlisting}[language=JavaScript]
                                              
The following languages weren't loadable:
    ,javascript$
This may cause errors in the sequel.


! Package Listings Error: language javascript undefined.

See the Listings package documentation for explanation.
Type  H <return>  for immediate help.
 ...                                              
                                                  
l.1980 \begin{lstlisting}[language=JavaScript]
                                              
The language is not loadable. Try typing  <return>  to proceed.
If that doesn't work, type  X <return>  to quit.


Package fancyhdr Warning: \headheight is too small (12.0pt): 
(fancyhdr)                Make it at least 14.49998pt, for example:
(fancyhdr)                \setlength{\headheight}{14.49998pt}.
(fancyhdr)                You might also make \topmargin smaller:
(fancyhdr)                \addtolength{\topmargin}{-2.49998pt}.

[57]
(C:\Users\Kimberley\AppData\Local\Programs\MiKTeX\tex/latex/listings\lstlang1.s
ty
File: lstlang1.sty 2025/11/14 1.11b listings language file
)
(C:\Users\Kimberley\AppData\Local\Programs\MiKTeX\tex/latex/listings\lstlang2.s
ty
File: lstlang2.sty 2025/11/14 1.11b listings language file
)
(C:\Users\Kimberley\AppData\Local\Programs\MiKTeX\tex/latex/listings\lstlang3.s
ty
File: lstlang3.sty 2025/11/14 1.11b listings language file
)

! Package Listings Error: Couldn't load requested language.

See the Listings package documentation for explanation.
Type  H <return>  for immediate help.
 ...                                              
                                                  
l.2024 \begin{lstlisting}[language=JavaScript]
                                              
The following languages weren't loadable:
    ,javascript$
This may cause errors in the sequel.


! Package Listings Error: language javascript undefined.

See the Listings package documentation for explanation.
Type  H <return>  for immediate help.
 ...                                              
                                                  
l.2024 \begin{lstlisting}[language=JavaScript]
                                              
The language is not loadable. Try typing  <return>  to proceed.
If that doesn't work, type  X <return>  to quit.


(C:\Users\Kimberley\AppData\Local\Programs\MiKTeX\tex/latex/listings\lstlang1.s
ty
File: lstlang1.sty 2025/11/14 1.11b listings language file
)
(C:\Users\Kimberley\AppData\Local\Programs\MiKTeX\tex/latex/listings\lstlang2.s
ty
File: lstlang2.sty 2025/11/14 1.11b listings language file
)
(C:\Users\Kimberley\AppData\Local\Programs\MiKTeX\tex/latex/listings\lstlang3.s
ty
File: lstlang3.sty 2025/11/14 1.11b listings language file
)

! Package Listings Error: Couldn't load requested language.

See the Listings package documentation for explanation.
Type  H <return>  for immediate help.
 ...                                              
                                                  
l.2043 \begin{lstlisting}[language=JSON]
                                        
The following languages weren't loadable:
    ,json$
This may cause errors in the sequel.


! Package Listings Error: language json undefined.

See the Listings package documentation for explanation.
Type  H <return>  for immediate help.
 ...                                              
                                                  
l.2043 \begin{lstlisting}[language=JSON]
                                        
The language is not loadable. Try typing  <return>  to proceed.
If that doesn't work, type  X <return>  to quit.


Package fancyhdr Warning: \headheight is too small (12.0pt): 
(fancyhdr)                Make it at least 14.61858pt, for example:
(fancyhdr)                \setlength{\headheight}{14.61858pt}.
(fancyhdr)                You might also make \topmargin smaller:
(fancyhdr)                \addtolength{\topmargin}{-2.61858pt}.

[58]
Overfull \hbox (3.835pt too wide) in paragraph at lines 2067--2067
|[]\T1/cmr/bx/n/17.28 Application mo-bile com-pa-nion (No-vas-kol Connecte)| 
 []


Package fancyhdr Warning: \headheight is too small (12.0pt): 
(fancyhdr)                Make it at least 14.49998pt, for example:
(fancyhdr)                \setlength{\headheight}{14.49998pt}.
(fancyhdr)                You might also make \topmargin smaller:
(fancyhdr)                \addtolength{\topmargin}{-2.49998pt}.

[59]
Overfull \hbox (10.9447pt too wide) in paragraph at lines 2133--2134
[]\T1/cmr/bx/n/12 Préparation \T1/cmr/m/n/12 : \T1/cmtt/m/n/12 php artisan nova
skol:prepare-installer-source --with-vendor 
 []


Package fancyhdr Warning: \headheight is too small (12.0pt): 
(fancyhdr)                Make it at least 14.61858pt, for example:
(fancyhdr)                \setlength{\headheight}{14.61858pt}.
(fancyhdr)                You might also make \topmargin smaller:
(fancyhdr)                \addtolength{\topmargin}{-2.61858pt}.

[60]

Package fancyhdr Warning: \headheight is too small (12.0pt): 
(fancyhdr)                Make it at least 14.49998pt, for example:
(fancyhdr)                \setlength{\headheight}{14.49998pt}.
(fancyhdr)                You might also make \topmargin smaller:
(fancyhdr)                \addtolength{\topmargin}{-2.49998pt}.

[61]

Package fancyhdr Warning: \headheight is too small (12.0pt): 
(fancyhdr)                Make it at least 14.61858pt, for example:
(fancyhdr)                \setlength{\headheight}{14.61858pt}.
(fancyhdr)                You might also make \topmargin smaller:
(fancyhdr)                \addtolength{\topmargin}{-2.61858pt}.

[62]

Package fancyhdr Warning: \headheight is too small (12.0pt): 
(fancyhdr)                Make it at least 14.49998pt, for example:
(fancyhdr)                \setlength{\headheight}{14.49998pt}.
(fancyhdr)                You might also make \topmargin smaller:
(fancyhdr)                \addtolength{\topmargin}{-2.49998pt}.

[63]

Package fancyhdr Warning: \headheight is too small (12.0pt): 
(fancyhdr)                Make it at least 14.49998pt, for example:
(fancyhdr)                \setlength{\headheight}{14.49998pt}.
(fancyhdr)                You might also make \topmargin smaller:
(fancyhdr)                \addtolength{\topmargin}{-2.49998pt}.

[64

]

Package fancyhdr Warning: \headheight is too small (12.0pt): 
(fancyhdr)                Make it at least 14.49998pt, for example:
(fancyhdr)                \setlength{\headheight}{14.49998pt}.
(fancyhdr)                You might also make \topmargin smaller:
(fancyhdr)                \addtolength{\topmargin}{-2.49998pt}.

[65]

Package fancyhdr Warning: \headheight is too small (12.0pt): 
(fancyhdr)                Make it at least 14.61858pt, for example:
(fancyhdr)                \setlength{\headheight}{14.61858pt}.
(fancyhdr)                You might also make \topmargin smaller:
(fancyhdr)                \addtolength{\topmargin}{-2.61858pt}.

[66]
Underfull \hbox (badness 1675) in paragraph at lines 2352--2353
[]\T1/cmr/m/n/12 electron-builder Do-cu-men-ta-tion. \T1/cmr/m/it/12 electron-b
uilder Do-cu-men-ta-tion\T1/cmr/m/n/12 . [][]$\T1/cmtt/m/n/12 https : / / www .

 []


Underfull \hbox (badness 10000) in paragraph at lines 2358--2359
[]\T1/cmr/m/n/12 TailwindCSS Do-cu-men-ta-tion. \T1/cmr/m/it/12 Tail-windCSS v4
 Do-cu-men-ta-tion\T1/cmr/m/n/12 . [][]$\T1/cmtt/m/n/12 https :
 []


Package fancyhdr Warning: \headheight is too small (12.0pt): 
(fancyhdr)                Make it at least 14.49998pt, for example:
(fancyhdr)                \setlength{\headheight}{14.49998pt}.
(fancyhdr)                You might also make \topmargin smaller:
(fancyhdr)                \addtolength{\topmargin}{-2.49998pt}.

[67

]
Underfull \hbox (badness 10000) in paragraph at lines 2373--2374
[]\T1/cmr/m/n/12 PhpSpreadsheet. \T1/cmr/m/it/12 PhpS-pread-sheet Do-cu-men-ta-
tion\T1/cmr/m/n/12 . [][]$\T1/cmtt/m/n/12 https : / / phpspreadsheet .
 []


Underfull \hbox (badness 10000) in paragraph at lines 2379--2380
[]\T1/cmr/m/n/12 Wikipedia. ``Ar-chi-tec-ture lo-gi-cielle.'' [][]$\T1/cmtt/m/n
/12 https : / / fr . wikipedia . org / wiki /
 []


Underfull \hbox (badness 10000) in paragraph at lines 2400--2401
[]\T1/cmr/m/n/12 Wikipedia. ``Modčle-Vue-Contrôleur.'' [][]$\T1/cmtt/m/n/12 htt
ps : / / fr . wikipedia . org / wiki /
 []


Package fancyhdr Warning: \headheight is too small (12.0pt): 
(fancyhdr)                Make it at least 14.49998pt, for example:
(fancyhdr)                \setlength{\headheight}{14.49998pt}.
(fancyhdr)                You might also make \topmargin smaller:
(fancyhdr)                \addtolength{\topmargin}{-2.49998pt}.

[68]
Annexe A.

Package fancyhdr Warning: \headheight is too small (12.0pt): 
(fancyhdr)                Make it at least 14.49998pt, for example:
(fancyhdr)                \setlength{\headheight}{14.49998pt}.
(fancyhdr)                You might also make \topmargin smaller:
(fancyhdr)                \addtolength{\topmargin}{-2.49998pt}.

[69

]

Package fancyhdr Warning: \headheight is too small (12.0pt): 
(fancyhdr)                Make it at least 14.61858pt, for example:
(fancyhdr)                \setlength{\headheight}{14.61858pt}.
(fancyhdr)                You might also make \topmargin smaller:
(fancyhdr)                \addtolength{\topmargin}{-2.61858pt}.

[70]
Annexe B.

Package fancyhdr Warning: \headheight is too small (12.0pt): 
(fancyhdr)                Make it at least 14.49998pt, for example:
(fancyhdr)                \setlength{\headheight}{14.49998pt}.
(fancyhdr)                You might also make \topmargin smaller:
(fancyhdr)                \addtolength{\topmargin}{-2.49998pt}.

[71

]
Annexe C.

Package fancyhdr Warning: \headheight is too small (12.0pt): 
(fancyhdr)                Make it at least 14.49998pt, for example:
(fancyhdr)                \setlength{\headheight}{14.49998pt}.
(fancyhdr)                You might also make \topmargin smaller:
(fancyhdr)                \addtolength{\topmargin}{-2.49998pt}.

[72

]
Annexe D.

Package fancyhdr Warning: \headheight is too small (12.0pt): 
(fancyhdr)                Make it at least 14.49998pt, for example:
(fancyhdr)                \setlength{\headheight}{14.49998pt}.
(fancyhdr)                You might also make \topmargin smaller:
(fancyhdr)                \addtolength{\topmargin}{-2.49998pt}.

[73

]
Annexe E.

Package fancyhdr Warning: \headheight is too small (12.0pt): 
(fancyhdr)                Make it at least 14.49998pt, for example:
(fancyhdr)                \setlength{\headheight}{14.49998pt}.
(fancyhdr)                You might also make \topmargin smaller:
(fancyhdr)                \addtolength{\topmargin}{-2.49998pt}.

[74

] (LIVRE_SOUTENANCE.aux)
 ***********
LaTeX2e <2025-11-01>
L3 programming layer <2025-12-24>
 ***********
Package rerunfilecheck Info: File `LIVRE_SOUTENANCE.out' has not changed.
(rerunfilecheck)             Checksum: D5034B22EC930AC197E207A9486B7D53;29382.
 ) 
Here is how much of TeX's memory you used:
 17081 strings out of 467871
 273504 string characters out of 5416440
 1088089 words of memory out of 5000000
 45238 multiletter control sequences out of 15000+600000
 641930 words of font info for 66 fonts, out of 8000000 for 9000
 1141 hyphenation exceptions out of 8191
 75i,12n,81p,858b,3888s stack positions out of 10000i,1000n,20000p,200000b,200000s
 <C:\Users\Kimberley\AppData\Local\MiKTeX\fonts/pk/ljfour/jknappen/ec/dpi600\
ecti1200.pk> <C:\Users\Kimberley\AppData\Local\MiKTeX\fonts/pk/ljfour/jknappen/
ec/dpi600\ecit1095.pk> <C:\Users\Kimberley\AppData\Local\MiKTeX\fonts/pk/ljfour
/jknappen/ec/dpi600\ecrm1000.pk> <C:\Users\Kimberley\AppData\Local\MiKTeX\fonts
/pk/ljfour/jknappen/ec/dpi600\ectt1095.pk> <C:\Users\Kimberley\AppData\Local\Mi
KTeX\fonts/pk/ljfour/jknappen/ec/dpi600\eccc1200.pk> <C:\Users\Kimberley\AppDat
a\Local\MiKTeX\fonts/pk/ljfour/jknappen/ec/dpi600\ectt1200.pk> <C:\Users\Kimber
ley\AppData\Local\MiKTeX\fonts/pk/ljfour/jknappen/ec/dpi600\ecbx1440.pk> <C:\Us
ers\Kimberley\AppData\Local\MiKTeX\fonts/pk/ljfour/jknappen/ec/dpi600\ecbx2074.
pk> <C:\Users\Kimberley\AppData\Local\MiKTeX\fonts/pk/ljfour/jknappen/ec/dpi600
\ecrm1200.pk> <C:\Users\Kimberley\AppData\Local\MiKTeX\fonts/pk/ljfour/jknappen
/ec/dpi600\ecbx1200.pk> <C:\Users\Kimberley\AppData\Local\MiKTeX\fonts/pk/ljfou
r/jknappen/ec/dpi600\ecti1728.pk> <C:\Users\Kimberley\AppData\Local\MiKTeX\font
s/pk/ljfour/jknappen/ec/dpi600\ecrm1440.pk> <C:\Users\Kimberley\AppData\Local\M
iKTeX\fonts/pk/ljfour/jknappen/ec/dpi600\ecbx1728.pk> <C:\Users\Kimberley\AppDa
ta\Local\MiKTeX\fonts/pk/ljfour/jknappen/ec/dpi600\ecbx2488.pk><C:/Users/Kimber
ley/AppData/Local/Programs/MiKTeX/fonts/type1/public/amsfonts/cm/cmmi12.pfb><C:
/Users/Kimberley/AppData/Local/Programs/MiKTeX/fonts/type1/public/amsfonts/cm/c
mr12.pfb><C:/Users/Kimberley/AppData/Local/Programs/MiKTeX/fonts/type1/public/a
msfonts/cm/cmr8.pfb><C:/Users/Kimberley/AppData/Local/Programs/MiKTeX/fonts/typ
e1/public/amsfonts/cm/cmsy10.pfb>
Output written on LIVRE_SOUTENANCE.pdf (74 pages, 586690 bytes).
PDF statistics:
 2339 PDF objects out of 2487 (max. 8388607)
 522 named destinations out of 1000 (max. 500000)
 1289 words of extra memory for PDF output out of 10000 (max. 10000000)

